<?xml version="1.0" encoding="UTF-8"?>
<testng-results ignored="0" total="1" passed="1" failed="0" skipped="0">
  <reporter-output>
  </reporter-output>
  <suite started-at="2018-06-20T22:27:03Z" name="Default suite" finished-at="2018-06-20T22:27:57Z" duration-ms="53308">
    <groups>
    </groups>
    <test started-at="2018-06-20T22:27:03Z" name="Default test" finished-at="2018-06-20T22:27:57Z" duration-ms="53308">
      <class name="com.prestashop.tests.PshopPositiveLogin">
        <test-method is-config="true" signature="setUp()[pri:0, instance:com.prestashop.tests.PshopPositiveLogin@38102d01]" started-at="2018-06-20T22:27:03Z" name="setUp" finished-at="2018-06-20T22:27:06Z" duration-ms="2038" status="PASS">
          <reporter-output>
          </reporter-output>
        </test-method> <!-- setUp -->
        <test-method is-config="true" signature="goToWebsite()[pri:0, instance:com.prestashop.tests.PshopPositiveLogin@38102d01]" started-at="2018-06-20T22:27:06Z" name="goToWebsite" finished-at="2018-06-20T22:27:08Z" duration-ms="2404" status="PASS">
          <reporter-output>
          </reporter-output>
        </test-method> <!-- goToWebsite -->
        <test-method signature="positiveChecking()[pri:0, instance:com.prestashop.tests.PshopPositiveLogin@38102d01]" started-at="2018-06-20T22:27:08Z" name="positiveChecking" finished-at="2018-06-20T22:27:57Z" duration-ms="48848" status="PASS">
          <reporter-output>
          </reporter-output>
        </test-method> <!-- positiveChecking -->
      </class> <!-- com.prestashop.tests.PshopPositiveLogin -->
    </test> <!-- Default test -->
  </suite> <!-- Default suite -->
</testng-results>
